# JRE version: OpenJDK Runtime Environment (8.0_492-b09) (build 1.8.0_492-b09)
# Java VM: OpenJDK 64-Bit Server VM (25.492-b09 mixed mode windows-amd64 compressed oops)
Heap:
 PSYoungGen      total 597504K, used 158436K [0x0000000780000000, 0x00000007aba00000, 0x00000007c0000000)
  eden space 578048K, 24% used [0x0000000780000000,0x00000007887c0cb8,0x00000007a3480000)
  from space 19456K, 99% used [0x00000007a3480000,0x00000007a47784f0,0x00000007a4780000)
  to   space 23552K, 0% used [0x00000007aa300000,0x00000007aa300000,0x00000007aba00000)
 ParOldGen       total 376320K, used 44860K [0x0000000700000000, 0x0000000716f80000, 0x0000000780000000)
  object space 376320K, 11% used [0x0000000700000000,0x0000000702bcf2c8,0x0000000716f80000)
 Metaspace       used 68643K, capacity 72004K, committed 72320K, reserved 1112064K
  class space    used 9620K, capacity 10274K, committed 10368K, reserved 1048576K
GC Heap History (10 events):
Event: 11.609 GC heap before
{Heap before GC invocations=14 (full 3):
 PSYoungGen      total 416768K, used 416677K [0x0000000780000000, 0x000000079b980000, 0x00000007c0000000)
  eden space 406016K, 100% used [0x0000000780000000,0x0000000798c80000,0x0000000798c80000)
  from space 10752K, 99% used [0x000000079af00000,0x000000079b969490,0x000000079b980000)
  to   space 20480K, 0% used [0x0000000799180000,0x0000000799180000,0x000000079a580000)
 ParOldGen       total 376320K, used 40249K [0x0000000700000000, 0x0000000716f80000, 0x0000000780000000)
  object space 376320K, 10% used [0x0000000700000000,0x000000070274e710,0x0000000716f80000)
 Metaspace       used 60475K, capacity 63386K, committed 63488K, reserved 1103872K
  class space    used 8568K, capacity 9173K, committed 9216K, reserved 1048576K
Event: 11.613 GC heap after
Heap after GC invocations=14 (full 3):
 PSYoungGen      total 431616K, used 7783K [0x0000000780000000, 0x00000007a0f00000, 0x00000007c0000000)
  eden space 411136K, 0% used [0x0000000780000000,0x0000000780000000,0x0000000799180000)
  from space 20480K, 38% used [0x0000000799180000,0x0000000799919ff0,0x000000079a580000)
  to   space 20480K, 0% used [0x000000079fb00000,0x000000079fb00000,0x00000007a0f00000)
 ParOldGen       total 376320K, used 40257K [0x0000000700000000, 0x0000000716f80000, 0x0000000780000000)
  object space 376320K, 10% used [0x0000000700000000,0x0000000702750710,0x0000000716f80000)
 Metaspace       used 60475K, capacity 63386K, committed 63488K, reserved 1103872K
  class space    used 8568K, capacity 9173K, committed 9216K, reserved 1048576K
}
Event: 12.574 GC heap before
{Heap before GC invocations=15 (full 3):
 PSYoungGen      total 431616K, used 418919K [0x0000000780000000, 0x00000007a0f00000, 0x00000007c0000000)
  eden space 411136K, 100% used [0x0000000780000000,0x0000000799180000,0x0000000799180000)
  from space 20480K, 38% used [0x0000000799180000,0x0000000799919ff0,0x000000079a580000)
  to   space 20480K, 0% used [0x000000079fb00000,0x000000079fb00000,0x00000007a0f00000)
 ParOldGen       total 376320K, used 40257K [0x0000000700000000, 0x0000000716f80000, 0x0000000780000000)
  object space 376320K, 10% used [0x0000000700000000,0x0000000702750710,0x0000000716f80000)
 Metaspace       used 60477K, capacity 63386K, committed 63488K, reserved 1103872K
  class space    used 8568K, capacity 9173K, committed 9216K, reserved 1048576K
Event: 12.578 GC heap after
Heap after GC invocations=15 (full 3):
 PSYoungGen      total 508928K, used 7608K [0x0000000780000000, 0x00000007a0980000, 0x00000007c0000000)
  eden space 494080K, 0% used [0x0000000780000000,0x0000000780000000,0x000000079e280000)
  from space 14848K, 51% used [0x000000079fb00000,0x00000007a026e020,0x00000007a0980000)
  to   space 19968K, 0% used [0x000000079e280000,0x000000079e280000,0x000000079f600000)
 ParOldGen       total 376320K, used 40257K [0x0000000700000000, 0x0000000716f80000, 0x0000000780000000)
  object space 376320K, 10% used [0x0000000700000000,0x0000000702750710,0x0000000716f80000)
 Metaspace       used 60477K, capacity 63386K, committed 63488K, reserved 1103872K
  class space    used 8568K, capacity 9173K, committed 9216K, reserved 1048576K
}
Event: 13.779 GC heap before
{Heap before GC invocations=16 (full 3):
 PSYoungGen      total 508928K, used 501688K [0x0000000780000000, 0x00000007a0980000, 0x00000007c0000000)
  eden space 494080K, 100% used [0x0000000780000000,0x000000079e280000,0x000000079e280000)
  from space 14848K, 51% used [0x000000079fb00000,0x00000007a026e020,0x00000007a0980000)
  to   space 19968K, 0% used [0x000000079e280000,0x000000079e280000,0x000000079f600000)
 ParOldGen       total 376320K, used 40257K [0x0000000700000000, 0x0000000716f80000, 0x0000000780000000)
  object space 376320K, 10% used [0x0000000700000000,0x0000000702750710,0x0000000716f80000)
 Metaspace       used 60577K, capacity 63526K, committed 63744K, reserved 1103872K
  class space    used 8583K, capacity 9175K, committed 9216K, reserved 1048576K
Event: 13.786 GC heap after
Heap after GC invocations=16 (full 3):
 PSYoungGen      total 514048K, used 7957K [0x0000000780000000, 0x00000007a6200000, 0x00000007c0000000)
  eden space 494080K, 0% used [0x0000000780000000,0x0000000780000000,0x000000079e280000)
  from space 19968K, 39% used [0x000000079e280000,0x000000079ea45770,0x000000079f600000)
  to   space 19968K, 0% used [0x00000007a4e80000,0x00000007a4e80000,0x00000007a6200000)
 ParOldGen       total 376320K, used 40265K [0x0000000700000000, 0x0000000716f80000, 0x0000000780000000)
  object space 376320K, 10% used [0x0000000700000000,0x0000000702752710,0x0000000716f80000)
 Metaspace       used 60577K, capacity 63526K, committed 63744K, reserved 1103872K
  class space    used 8583K, capacity 9175K, committed 9216K, reserved 1048576K
}
Event: 14.410 GC heap before
{Heap before GC invocations=17 (full 3):
 PSYoungGen      total 514048K, used 502037K [0x0000000780000000, 0x00000007a6200000, 0x00000007c0000000)
  eden space 494080K, 100% used [0x0000000780000000,0x000000079e280000,0x000000079e280000)
  from space 19968K, 39% used [0x000000079e280000,0x000000079ea45770,0x000000079f600000)
  to   space 19968K, 0% used [0x00000007a4e80000,0x00000007a4e80000,0x00000007a6200000)
 ParOldGen       total 376320K, used 40265K [0x0000000700000000, 0x0000000716f80000, 0x0000000780000000)
  object space 376320K, 10% used [0x0000000700000000,0x0000000702752710,0x0000000716f80000)
 Metaspace       used 60625K, capacity 63614K, committed 63744K, reserved 1103872K
  class space    used 8585K, capacity 9179K, committed 9216K, reserved 1048576K
Event: 14.414 GC heap after
Heap after GC invocations=17 (full 3):
 PSYoungGen      total 590336K, used 7754K [0x0000000780000000, 0x00000007a5a80000, 0x00000007c0000000)
  eden space 578048K, 0% used [0x0000000780000000,0x0000000780000000,0x00000007a3480000)
  from space 12288K, 63% used [0x00000007a4e80000,0x00000007a5612900,0x00000007a5a80000)
  to   space 19456K, 0% used [0x00000007a3480000,0x00000007a3480000,0x00000007a4780000)
 ParOldGen       total 376320K, used 40273K [0x0000000700000000, 0x0000000716f80000, 0x0000000780000000)
  object space 376320K, 10% used [0x0000000700000000,0x0000000702754710,0x0000000716f80000)
 Metaspace       used 60625K, capacity 63614K, committed 63744K, reserved 1103872K
  class space    used 8585K, capacity 9179K, committed 9216K, reserved 1048576K
}
Event: 16.929 GC heap before
{Heap before GC invocations=18 (full 3):
 PSYoungGen      total 590336K, used 585802K [0x0000000780000000, 0x00000007a5a80000, 0x00000007c0000000)
  eden space 578048K, 100% used [0x0000000780000000,0x00000007a3480000,0x00000007a3480000)
  from space 12288K, 63% used [0x00000007a4e80000,0x00000007a5612900,0x00000007a5a80000)
  to   space 19456K, 0% used [0x00000007a3480000,0x00000007a3480000,0x00000007a4780000)
 ParOldGen       total 376320K, used 40273K [0x0000000700000000, 0x0000000716f80000, 0x0000000780000000)
  object space 376320K, 10% used [0x0000000700000000,0x0000000702754710,0x0000000716f80000)
 Metaspace       used 66733K, capacity 69902K, committed 70144K, reserved 1110016K
  class space    used 9365K, capacity 9961K, committed 9984K, reserved 1048576K
Event: 16.941 GC heap after
Heap after GC invocations=18 (full 3):
 PSYoungGen      total 597504K, used 19425K [0x0000000780000000, 0x00000007aba00000, 0x00000007c0000000)
  eden space 578048K, 0% used [0x0000000780000000,0x0000000780000000,0x00000007a3480000)
  from space 19456K, 99% used [0x00000007a3480000,0x00000007a47784f0,0x00000007a4780000)
  to   space 23552K, 0% used [0x00000007aa300000,0x00000007aa300000,0x00000007aba00000)
 ParOldGen       total 376320K, used 44860K [0x0000000700000000, 0x0000000716f80000, 0x0000000780000000)
  object space 376320K, 11% used [0x0000000700000000,0x0000000702bcf2c8,0x0000000716f80000)
 Metaspace       used 66733K, capacity 69902K, committed 70144K, reserved 1110016K
  class space    used 9365K, capacity 9961K, committed 9984K, reserved 1048576K
}

